============================= test session starts =============================
platform win32 -- Python 3.13.12, pytest-9.1.1, pluggy-1.6.0 -- C:\Users\Lenovo\Downloads\SELLABLE\venv\Scripts\python.exe
cachedir: .pytest_cache
rootdir: C:\Users\Lenovo\Downloads\SELLABLE
configfile: pyproject.toml
plugins: anyio-4.14.2
collecting ... collected 47 items

tests/gateway/test_chain_tamper.py::test_T30_chain_tamper_detected PASSED [  2%]
tests/gateway/test_matrix.py::test_r1_under_effective_budget PASSED      [  4%]
tests/gateway/test_matrix.py::test_r1_exactly_effective_budget PASSED    [  6%]
tests/gateway/test_matrix.py::test_r1_over_effective_budget PASSED       [  8%]
tests/gateway/test_matrix.py::test_r1_injection_inflates_total PASSED    [ 10%]
tests/gateway/test_matrix.py::test_r2_forbidden_rejected PASSED          [ 12%]
tests/gateway/test_matrix.py::test_r2_not_forbidden_passes PASSED        [ 14%]
tests/gateway/test_matrix.py::test_r3_drift_detected PASSED              [ 17%]
tests/gateway/test_matrix.py::test_r3_no_drift_passes PASSED             [ 19%]
tests/gateway/test_matrix.py::test_r4_within_cap PASSED                  [ 21%]
tests/gateway/test_matrix.py::test_r4_exceeds_cap PASSED                 [ 23%]
tests/gateway/test_matrix.py::test_r4_cap_1_means_budget_only PASSED     [ 25%]
tests/gateway/test_matrix.py::test_r5_out_of_scope PASSED                [ 27%]
tests/gateway/test_matrix.py::test_r5_in_scope PASSED                    [ 29%]
tests/gateway/test_matrix.py::test_r6_within_limit PASSED                [ 31%]
tests/gateway/test_matrix.py::test_r6_over_limit PASSED                  [ 34%]
tests/gateway/test_matrix.py::test_r6_window_expired PASSED              [ 36%]
tests/gateway/test_matrix.py::test_r7_merchant_allowlisted PASSED        [ 38%]
tests/gateway/test_matrix.py::test_r7_merchant_not_allowlisted PASSED    [ 40%]
tests/gateway/test_matrix.py::test_r8_mission_active PASSED              [ 42%]
tests/gateway/test_matrix.py::test_r8_mission_aborted PASSED             [ 44%]
tests/gateway/test_matrix.py::test_r9_valid_signature PASSED             [ 46%]
tests/gateway/test_matrix.py::test_r9_tampered_signature PASSED          [ 48%]
tests/gateway/test_matrix.py::test_r9_missing_signature PASSED           [ 51%]
tests/gateway/test_matrix.py::test_r10_not_expired PASSED                [ 53%]
tests/gateway/test_matrix.py::test_r10_expired PASSED                    [ 55%]
tests/gateway/test_matrix.py::test_r10_boundary_exact PASSED             [ 57%]
tests/gateway/test_matrix.py::test_first_violation_wins PASSED           [ 59%]
tests/gateway/test_matrix.py::test_guardrail_before_commerce PASSED      [ 61%]
tests/gateway/test_matrix.py::test_fail_closed_missing_input PASSED      [ 63%]
tests/gateway/test_matrix.py::test_chain_tamper_halts PASSED             [ 65%]
tests/gateway/test_r10_expiry.py::test_T26_r10_valid PASSED              [ 68%]
tests/gateway/test_r10_expiry.py::test_T27_r10_expired PASSED            [ 70%]
tests/gateway/test_r10_expiry.py::test_T28_r10_exact_expiry_rejects PASSED [ 72%]
tests/gateway/test_r1_budget.py::test_T01_r1_under_budget PASSED         [ 74%]
tests/gateway/test_r1_budget.py::test_T02_r1_over_budget PASSED          [ 76%]
tests/gateway/test_r1_budget.py::test_T03_r1_exact_boundary PASSED       [ 78%]
tests/gateway/test_r9_signature.py::test_T23_r9_valid_signature PASSED   [ 80%]
tests/gateway/test_r9_signature.py::test_T25_r9_missing_signature_rejects_fail_closed PASSED [ 82%]
tests/invariants/test_gateway_purity.py::test_T29_inv1_no_llm_or_io_in_gateway PASSED [ 85%]
tests/test_upsell.py::test_offer_within_effective_budget PASSED          [ 87%]
tests/test_upsell.py::test_offer_exceeds_effective_budget_not_offered PASSED [ 89%]
tests/test_upsell.py::test_no_offer_small_rating_delta PASSED            [ 91%]
tests/test_upsell.py::test_upgrade_candidates_ranked_by_value PASSED     [ 93%]
tests/test_upsell.py::test_crosssell_from_compatible_with PASSED         [ 95%]
tests/test_upsell.py::test_crosssell_respects_budget PASSED              [ 97%]
tests/test_upsell.py::test_upsell_engine_purity PASSED                   [100%]

============================= 47 passed in 0.36s ==============================
